<?xml version="1.0" encoding="UTF-8"?>
<testsuite xmlns:xsi="http://www.w3.org/2001/XMLSchema-instance" xsi:noNamespaceSchemaLocation="https://maven.apache.org/surefire/maven-surefire-plugin/xsd/surefire-test-report.xsd" version="3.0.2" name="com.revature.PlanetariumTestSuite" time="98.326" tests="73" errors="0" skipped="0" failures="0">
  <properties>
[...]
</properties>
  <testcase name="noLowerNegative" classname="com.revature.tests.repository.user.UserDaoCreationTest" time="2.729">
    <system-out><![CDATA[Database setup complete
org.postgresql.util.PSQLException: ERROR: new row for relation "users" violates check constraint "password_character_check"
  Detail: Failing row contains (2, Super_man-2001, BATMAN1).
]]></system-out>
  </testcase>
  <testcase name="usernameInvalidCharactersNegative" classname="com.revature.tests.repository.user.UserDaoCreationTest" time="1.396">
    <system-out><![CDATA[Database setup complete
org.postgresql.util.PSQLException: ERROR: new row for relation "users" violates check constraint "username_character_check"
  Detail: Failing row contains (2, joker!!!!!!?), Krypton-was_2000).
]]></system-out>
  </testcase>
  <testcase name="noCapsNegative" classname="com.revature.tests.repository.user.UserDaoCreationTest" time="1.745">
    <system-out><![CDATA[Database setup complete
org.postgresql.util.PSQLException: ERROR: new row for relation "users" violates check constraint "password_character_check"
  Detail: Failing row contains (2, Super_man-2001, batman1).
]]></system-out>
  </testcase>
  <testcase name="noNumberNegative" classname="com.revature.tests.repository.user.UserDaoCreationTest" time="1.614">
    <system-out><![CDATA[Database setup complete
org.postgresql.util.PSQLException: ERROR: new row for relation "users" violates check constraint "password_character_check"
  Detail: Failing row contains (2, Super_man-2001, Robin).
]]></system-out>
  </testcase>
  <testcase name="duplicateUsernameNegative" classname="com.revature.tests.repository.user.UserDaoCreationTest" time="1.65">
    <system-out><![CDATA[Database setup complete
org.postgresql.util.PSQLException: ERROR: duplicate key value violates unique constraint "users_username_key"
  Detail: Key (username)=(Batman) already exists.
]]></system-out>
  </testcase>
  <testcase name="longUsernameNegative" classname="com.revature.tests.repository.user.UserDaoCreationTest" time="1.76">
    <system-out><![CDATA[Database setup complete
org.postgresql.util.PSQLException: ERROR: new row for relation "users" violates check constraint "username_length_check"
  Detail: Failing row contains (2, wonder_woman_for_the_DC_theming, Krypton-was_2000).
]]></system-out>
  </testcase>
  <testcase name="createUserPostive" classname="com.revature.tests.repository.user.UserDaoCreationTest" time="1.801">
    <system-out><![CDATA[Database setup complete
]]></system-out>
  </testcase>
  <testcase name="usernameStartsWithNumberNegative" classname="com.revature.tests.repository.user.UserDaoCreationTest" time="1.875">
    <system-out><![CDATA[Database setup complete
org.postgresql.util.PSQLException: ERROR: new row for relation "users" violates check constraint "username_character_check"
  Detail: Failing row contains (2, 2face, Krypton-was_2000).
]]></system-out>
  </testcase>
  <testcase name="longPasswordNegative" classname="com.revature.tests.repository.user.UserDaoCreationTest" time="1.521">
    <system-out><![CDATA[Database setup complete
org.postgresql.util.PSQLException: ERROR: new row for relation "users" violates check constraint "password_length_check"
  Detail: Failing row contains (2, Super_man-2001, AlfredIsTheBestButlerToExist111).
]]></system-out>
  </testcase>
  <testcase name="shortUsernameNegative" classname="com.revature.tests.repository.user.UserDaoCreationTest" time="1.531">
    <system-out><![CDATA[Database setup complete
org.postgresql.util.PSQLException: ERROR: new row for relation "users" violates check constraint "username_length_check"
  Detail: Failing row contains (2, Bane, Krypton-was_2000).
]]></system-out>
  </testcase>
  <testcase name="passwordStartsWithNumberNegative" classname="com.revature.tests.repository.user.UserDaoCreationTest" time="1.458">
    <system-out><![CDATA[Database setup complete
org.postgresql.util.PSQLException: ERROR: new row for relation "users" violates check constraint "password_character_check"
  Detail: Failing row contains (2, Super_man-2001, 3atman).
]]></system-out>
  </testcase>
  <testcase name="shortPasswordNegative" classname="com.revature.tests.repository.user.UserDaoCreationTest" time="1.384">
    <system-out><![CDATA[Database setup complete
org.postgresql.util.PSQLException: ERROR: new row for relation "users" violates check constraint "password_length_check"
  Detail: Failing row contains (2, Super_man-2001, b0Ts).
]]></system-out>
  </testcase>
  <testcase name="passwordInvalidCharactersNegative" classname="com.revature.tests.repository.user.UserDaoCreationTest" time="1.638">
    <system-out><![CDATA[Database setup complete
org.postgresql.util.PSQLException: ERROR: new row for relation "users" violates check constraint "password_character_check"
  Detail: Failing row contains (2, Super_man-2001, A1fredIsTheBestButlerToExist!!).
]]></system-out>
  </testcase>
  <testcase name="retrieveUserByUsernamePositive" classname="com.revature.tests.repository.user.UserDaoRetrievalTest" time="1.377">
    <system-out><![CDATA[Database setup complete
]]></system-out>
  </testcase>
  <testcase name="retrieveUserByUsernameNegative" classname="com.revature.tests.repository.user.UserDaoRetrievalTest" time="1.447">
    <system-out><![CDATA[Database setup complete
]]></system-out>
  </testcase>
  <testcase name="authenticationPositive" classname="com.revature.tests.service.user.UserServiceAuthentication" time="2.477">
    <system-out><![CDATA[Database setup complete
]]></system-out>
  </testcase>
  <testcase name="incorrectUsernameAuthenticationNegative" classname="com.revature.tests.service.user.UserServiceAuthentication" time="1.023">
    <system-out><![CDATA[Database setup complete
]]></system-out>
  </testcase>
  <testcase name="incorrectPasswordAuthenticationNegative" classname="com.revature.tests.service.user.UserServiceAuthentication" time="1.032">
    <system-out><![CDATA[Database setup complete
Invalid credentials]]></system-out>
  </testcase>
  <testcase name="noLowerNegative" classname="com.revature.tests.service.user.UserServiceCreationTest" time="1.001">
    <system-out><![CDATA[Database setup complete
]]></system-out>
  </testcase>
  <testcase name="usernameInvalidCharactersNegative" classname="com.revature.tests.service.user.UserServiceCreationTest" time="1.07">
    <system-out><![CDATA[Database setup complete
]]></system-out>
  </testcase>
  <testcase name="noCapsNegative" classname="com.revature.tests.service.user.UserServiceCreationTest" time="0.985">
    <system-out><![CDATA[Database setup complete
]]></system-out>
  </testcase>
  <testcase name="noNumberNegative" classname="com.revature.tests.service.user.UserServiceCreationTest" time="1.018">
    <system-out><![CDATA[Database setup complete
]]></system-out>
  </testcase>
  <testcase name="duplicateUsernameNegative" classname="com.revature.tests.service.user.UserServiceCreationTest" time="1.093">
    <system-out><![CDATA[Database setup complete
]]></system-out>
  </testcase>
  <testcase name="longUsernameNegative" classname="com.revature.tests.service.user.UserServiceCreationTest" time="1.024">
    <system-out><![CDATA[Database setup complete
]]></system-out>
  </testcase>
  <testcase name="createUserPostive" classname="com.revature.tests.service.user.UserServiceCreationTest" time="1.033">
    <system-out><![CDATA[Database setup complete
]]></system-out>
  </testcase>
  <testcase name="usernameStartsWithNumberNegative" classname="com.revature.tests.service.user.UserServiceCreationTest" time="1.052">
    <system-out><![CDATA[Database setup complete
]]></system-out>
  </testcase>
  <testcase name="longPasswordNegative" classname="com.revature.tests.service.user.UserServiceCreationTest" time="1.01">
    <system-out><![CDATA[Database setup complete
]]></system-out>
  </testcase>
  <testcase name="shortUsernameNegative" classname="com.revature.tests.service.user.UserServiceCreationTest" time="1.036">
    <system-out><![CDATA[Database setup complete
]]></system-out>
  </testcase>
  <testcase name="passwordStartsWithNumberNegative" classname="com.revature.tests.service.user.UserServiceCreationTest" time="1.034">
    <system-out><![CDATA[Database setup complete
]]></system-out>
  </testcase>
  <testcase name="shortPasswordNegative" classname="com.revature.tests.service.user.UserServiceCreationTest" time="1.023">
    <system-out><![CDATA[Database setup complete
]]></system-out>
  </testcase>
  <testcase name="passwordInvalidCharactersNegative" classname="com.revature.tests.service.user.UserServiceCreationTest" time="1.004">
    <system-out><![CDATA[Database setup complete
]]></system-out>
  </testcase>
  <testcase name="selectByOwnerPositive" classname="com.revature.tests.service.planet.PlanetRetrievalServiceTest" time="1.06">
    <system-out><![CDATA[Database setup complete
]]></system-out>
  </testcase>
  <testcase name="selectByOwnerNegative" classname="com.revature.tests.service.planet.PlanetRetrievalServiceTest" time="1.035">
    <system-out><![CDATA[Database setup complete
]]></system-out>
  </testcase>
  <testcase name="readMoonsByPlanetPositive" classname="com.revature.tests.repository.moon.MoonRetrievalRepositoryTest" time="1.526">
    <system-out><![CDATA[Database setup complete
]]></system-out>
  </testcase>
  <testcase name="readMoonsByPlanetNegative" classname="com.revature.tests.repository.moon.MoonRetrievalRepositoryTest" time="1.391">
    <system-out><![CDATA[Database setup complete
]]></system-out>
  </testcase>
  <testcase name="readPlanetsByOwnerPositive" classname="com.revature.tests.repository.planet.PlanetRetrievalRepositoryTest" time="1.642">
    <system-out><![CDATA[Database setup complete
]]></system-out>
  </testcase>
  <testcase name="readPlanetsByOwnerNegative" classname="com.revature.tests.repository.planet.PlanetRetrievalRepositoryTest" time="1.371">
    <system-out><![CDATA[Database setup complete
]]></system-out>
  </testcase>
  <testcase name="selectByPlanetPositive" classname="com.revature.tests.service.moon.MoonRetrievalServiceTest" time="1.087">
    <system-out><![CDATA[Database setup complete
]]></system-out>
  </testcase>
  <testcase name="selectByPlanetNegative" classname="com.revature.tests.service.moon.MoonRetrievalServiceTest" time="1.051">
    <system-out><![CDATA[Database setup complete
]]></system-out>
  </testcase>
  <testcase name="RepoLayerInvalidPlanetName" classname="com.revature.tests.repository.planet.PlanetCreationDaoTest" time="1.437">
    <system-out><![CDATA[Database setup complete
org.postgresql.util.PSQLException: ERROR: new row for relation "planets" violates check constraint "name_character_check"
  Detail: Failing row contains (3, DAOTestPlanet!, 0, null).
]]></system-out>
  </testcase>
  <testcase name="RepoLayerCreatePlanetSuccess" classname="com.revature.tests.repository.planet.PlanetCreationDaoTest" time="1.631">
    <system-out><![CDATA[Database setup complete
]]></system-out>
  </testcase>
  <testcase name="RepoLayerInvalidImagePlanet" classname="com.revature.tests.repository.planet.PlanetCreationDaoTest" time="1.361">
    <system-out><![CDATA[Database setup complete
]]></system-out>
  </testcase>
  <testcase name="RepoLayerTooManyCharacters" classname="com.revature.tests.repository.planet.PlanetCreationDaoTest" time="1.432">
    <system-out><![CDATA[Database setup complete
org.postgresql.util.PSQLException: ERROR: new row for relation "planets" violates check constraint "name_length_check"
  Detail: Failing row contains (3, DAOTestPlanetwithfartoomanycharacterswhowoulddothis, 0, null).
]]></system-out>
  </testcase>
  <testcase name="RepoLayerPngTest" classname="com.revature.tests.repository.planet.PlanetCreationDaoTest" time="2.083">
    <system-out><![CDATA[Database setup complete
]]></system-out>
  </testcase>
  <testcase name="RepoLayerNonUniquePlanetName" classname="com.revature.tests.repository.planet.PlanetCreationDaoTest" time="1.535">
    <system-out><![CDATA[Database setup complete
org.postgresql.util.PSQLException: ERROR: duplicate key value violates unique constraint "planets_name_key"
  Detail: Key (name)=(Earth) already exists.
]]></system-out>
  </testcase>
  <testcase name="RepoLayerImageUpload" classname="com.revature.tests.repository.moon.MoonCreationDaoTest" time="2.082">
    <system-out><![CDATA[Database setup complete
]]></system-out>
  </testcase>
  <testcase name="RepoLayerInvalidMoonName" classname="com.revature.tests.repository.moon.MoonCreationDaoTest" time="1.451">
    <system-out><![CDATA[Database setup complete
org.postgresql.util.PSQLException: ERROR: new row for relation "moons" violates check constraint "name_character_check"
  Detail: Failing row contains (3, DAOtestMoon!, 1, null).
]]></system-out>
  </testcase>
  <testcase name="RepoLayerInvalidOwnerId" classname="com.revature.tests.repository.moon.MoonCreationDaoTest" time="1.415">
    <system-out><![CDATA[Database setup complete
org.postgresql.util.PSQLException: ERROR: insert or update on table "moons" violates foreign key constraint "moons_myplanetid_fkey"
  Detail: Key (myplanetid)=(0) is not present in table "planets".
]]></system-out>
  </testcase>
  <testcase name="RepoLayerInvalidImage" classname="com.revature.tests.repository.moon.MoonCreationDaoTest" time="1.374">
    <system-out><![CDATA[Database setup complete
]]></system-out>
  </testcase>
  <testcase name="RepoLayerMoonCreationSuccess" classname="com.revature.tests.repository.moon.MoonCreationDaoTest" time="1.619">
    <system-out><![CDATA[Database setup complete
]]></system-out>
  </testcase>
  <testcase name="RepoLayerInvalidMoonImage" classname="com.revature.tests.repository.moon.MoonCreationDaoTest" time="1.365">
    <system-out><![CDATA[Database setup complete
]]></system-out>
  </testcase>
  <testcase name="RepoLayerNonUniqueMoonName" classname="com.revature.tests.repository.moon.MoonCreationDaoTest" time="1.445">
    <system-out><![CDATA[Database setup complete
org.postgresql.util.PSQLException: ERROR: duplicate key value violates unique constraint "moons_name_key"
  Detail: Key (name)=(Luna) already exists.
]]></system-out>
  </testcase>
  <testcase name="ServiceLayerTooManyCharacters" classname="com.revature.tests.service.planet.PlanetCreationServiceTest" time="1.044">
    <system-out><![CDATA[Database setup complete
]]></system-out>
  </testcase>
  <testcase name="ServiceLayerCreatePlanetSuccess" classname="com.revature.tests.service.planet.PlanetCreationServiceTest" time="1.044">
    <system-out><![CDATA[Database setup complete
]]></system-out>
  </testcase>
  <testcase name="ServiceLayerPngTest" classname="com.revature.tests.service.planet.PlanetCreationServiceTest" time="1.028">
    <system-out><![CDATA[Database setup complete
]]></system-out>
  </testcase>
  <testcase name="ServiceLayerInvalidImagePlanet" classname="com.revature.tests.service.planet.PlanetCreationServiceTest" time="1.052">
    <system-out><![CDATA[Database setup complete
]]></system-out>
  </testcase>
  <testcase name="ServiceLayerInvalidPlanetName" classname="com.revature.tests.service.planet.PlanetCreationServiceTest" time="1.032">
    <system-out><![CDATA[Database setup complete
]]></system-out>
  </testcase>
  <testcase name="ServiceLayerNonUniquePlanetName" classname="com.revature.tests.service.planet.PlanetCreationServiceTest" time="1.027">
    <system-out><![CDATA[Database setup complete
]]></system-out>
  </testcase>
  <testcase name="ServiceLayerInvalidPlanetId" classname="com.revature.tests.service.moon.MoonCreationServiceTest" time="1.397">
    <system-out><![CDATA[Database setup complete
]]></system-out>
  </testcase>
  <testcase name="ServiceLayerTooManyCharacters" classname="com.revature.tests.service.moon.MoonCreationServiceTest" time="1.123">
    <system-out><![CDATA[Database setup complete
]]></system-out>
  </testcase>
  <testcase name="ServiceLayerPngTest" classname="com.revature.tests.service.moon.MoonCreationServiceTest" time="1.03">
    <system-out><![CDATA[Database setup complete
]]></system-out>
  </testcase>
  <testcase name="ServiceLayerInvalidMoonName" classname="com.revature.tests.service.moon.MoonCreationServiceTest" time="1.028">
    <system-out><![CDATA[Database setup complete
]]></system-out>
  </testcase>
  <testcase name="ServiceLayerMoonCreationSuccess" classname="com.revature.tests.service.moon.MoonCreationServiceTest" time="1.539">
    <system-out><![CDATA[Database setup complete
]]></system-out>
  </testcase>
  <testcase name="ServiceLayerInvalidMoonImage" classname="com.revature.tests.service.moon.MoonCreationServiceTest" time="1.063">
    <system-out><![CDATA[Database setup complete
]]></system-out>
  </testcase>
  <testcase name="ServiceLayerNonUniqueName" classname="com.revature.tests.service.moon.MoonCreationServiceTest" time="1.302">
    <system-out><![CDATA[Database setup complete
]]></system-out>
  </testcase>
  <testcase name="daoDeletePlanetPositiveTest" classname="com.revature.tests.repository.planet.PlanetRepositoryDeletionTest" time="1.811">
    <system-out><![CDATA[Database setup complete
]]></system-out>
  </testcase>
  <testcase name="daoDeletePlanetNegativeTest" classname="com.revature.tests.repository.planet.PlanetRepositoryDeletionTest" time="1.432">
    <system-out><![CDATA[Database setup complete
]]></system-out>
  </testcase>
  <testcase name="daoDeleteMoonPositiveTest" classname="com.revature.tests.repository.moon.MoonRepositoryDeletionTest" time="1.531">
    <system-out><![CDATA[Database setup complete
]]></system-out>
  </testcase>
  <testcase name="daoDeleteMoonNegativeTest" classname="com.revature.tests.repository.moon.MoonRepositoryDeletionTest" time="1.383">
    <system-out><![CDATA[Database setup complete
]]></system-out>
  </testcase>
  <testcase name="serviceDeletePlanetPositiveTest" classname="com.revature.tests.service.planet.PlanetServiceDeletionTest" time="0.958">
    <system-out><![CDATA[Database setup complete
]]></system-out>
  </testcase>
  <testcase name="serviceDeletePlanetNegativeTest" classname="com.revature.tests.service.planet.PlanetServiceDeletionTest" time="0.934">
    <system-out><![CDATA[Database setup complete
]]></system-out>
  </testcase>
  <testcase name="serviceDeleteMoonPositiveTest" classname="com.revature.tests.service.moon.MoonServiceDeletionTest" time="1.035">
    <system-out><![CDATA[Database setup complete
]]></system-out>
  </testcase>
  <testcase name="serviceDeleteMoonNegativeTest" classname="com.revature.tests.service.moon.MoonServiceDeletionTest" time="1.065">
    <system-out><![CDATA[Database setup complete
]]></system-out>
  </testcase>
</testsuite>